<?xml version="1.0" encoding="UTF-8"?>
<!-- Generated by org.testng.reporters.JUnitReportReporter -->
<testsuite skipped="0" hostname="DESKTOP-5SPFD43" name="getRequest.VerifyAPI" tests="1" failures="0" timestamp="25 Sep 2018 11:24:39 GMT" time="2.378" errors="0">
  <testcase name="testResponsecode" time="2.378" classname="getRequest.VerifyAPI"/>
</testsuite> <!-- getRequest.VerifyAPI -->
